<?xml version="1.0" encoding="UTF-8"?>
<!-- Generated by org.testng.reporters.JUnitXMLReporter -->
<testsuite ignored="0" hostname="Sparrow" failures="4" tests="4" name="Test" time="39.923" errors="0" timestamp="2023-11-02T14:27:05 IST">
  <testcase classname="genericUtilities.BaseClass" name="@BeforeClass launchingBrowserAndNavagateToApp" time="8.664">
    <failure type="java.lang.RuntimeException" message="java.lang.IllegalAccessException: Can not set static final org.openqa.selenium.WebElement field objectRepository.jewelleryPage.Jewelry to jdk.proxy2.$Proxy19">
      <![CDATA[java.lang.RuntimeException: java.lang.IllegalAccessException: Can not set static final org.openqa.selenium.WebElement field objectRepository.jewelleryPage.Jewelry to jdk.proxy2.$Proxy19
at org.openqa.selenium.support.PageFactory.proxyFields(PageFactory.java:117)
at org.openqa.selenium.support.PageFactory.initElements(PageFactory.java:103)
at org.openqa.selenium.support.PageFactory.initElements(PageFactory.java:90)
at org.openqa.selenium.support.PageFactory.initElements(PageFactory.java:78)
at objectRepository.jewelleryPage.<init>(jewelleryPage.java:14)
at genericUtilities.BaseClass.launchingBrowserAndNavagateToApp(BaseClass.java:64)
at java.base/java.util.ArrayList.forEach(ArrayList.java:1511)
Caused by: java.lang.IllegalAccessException: Can not set static final org.openqa.selenium.WebElement field objectRepository.jewelleryPage.Jewelry to jdk.proxy2.$Proxy19
at org.openqa.selenium.support.PageFactory.proxyFields(PageFactory.java:115)
... 29 more
... Removed 27 stack frames]]>
    </failure>
  </testcase> <!-- @BeforeClass launchingBrowserAndNavagateToApp -->
  <testcase classname="genericUtilities.BaseClass" name="@BeforeClass launchingBrowserAndNavagateToApp" time="12.07">
    <failure type="java.lang.RuntimeException" message="java.lang.IllegalAccessException: Can not set static final org.openqa.selenium.WebElement field objectRepository.jewelleryPage.Jewelry to jdk.proxy2.$Proxy19">
      <![CDATA[java.lang.RuntimeException: java.lang.IllegalAccessException: Can not set static final org.openqa.selenium.WebElement field objectRepository.jewelleryPage.Jewelry to jdk.proxy2.$Proxy19
at org.openqa.selenium.support.PageFactory.proxyFields(PageFactory.java:117)
at org.openqa.selenium.support.PageFactory.initElements(PageFactory.java:103)
at org.openqa.selenium.support.PageFactory.initElements(PageFactory.java:90)
at org.openqa.selenium.support.PageFactory.initElements(PageFactory.java:78)
at objectRepository.jewelleryPage.<init>(jewelleryPage.java:14)
at genericUtilities.BaseClass.launchingBrowserAndNavagateToApp(BaseClass.java:64)
at java.base/java.util.ArrayList.forEach(ArrayList.java:1511)
Caused by: java.lang.IllegalAccessException: Can not set static final org.openqa.selenium.WebElement field objectRepository.jewelleryPage.Jewelry to jdk.proxy2.$Proxy19
at org.openqa.selenium.support.PageFactory.proxyFields(PageFactory.java:115)
... 29 more
... Removed 27 stack frames]]>
    </failure>
  </testcase> <!-- @BeforeClass launchingBrowserAndNavagateToApp -->
  <testcase classname="genericUtilities.BaseClass" name="@BeforeClass launchingBrowserAndNavagateToApp" time="11.825">
    <failure type="java.lang.RuntimeException" message="java.lang.IllegalAccessException: Can not set static final org.openqa.selenium.WebElement field objectRepository.jewelleryPage.Jewelry to jdk.proxy2.$Proxy19">
      <![CDATA[java.lang.RuntimeException: java.lang.IllegalAccessException: Can not set static final org.openqa.selenium.WebElement field objectRepository.jewelleryPage.Jewelry to jdk.proxy2.$Proxy19
at org.openqa.selenium.support.PageFactory.proxyFields(PageFactory.java:117)
at org.openqa.selenium.support.PageFactory.initElements(PageFactory.java:103)
at org.openqa.selenium.support.PageFactory.initElements(PageFactory.java:90)
at org.openqa.selenium.support.PageFactory.initElements(PageFactory.java:78)
at objectRepository.jewelleryPage.<init>(jewelleryPage.java:14)
at genericUtilities.BaseClass.launchingBrowserAndNavagateToApp(BaseClass.java:64)
at java.base/java.util.ArrayList.forEach(ArrayList.java:1511)
Caused by: java.lang.IllegalAccessException: Can not set static final org.openqa.selenium.WebElement field objectRepository.jewelleryPage.Jewelry to jdk.proxy2.$Proxy19
at org.openqa.selenium.support.PageFactory.proxyFields(PageFactory.java:115)
... 29 more
... Removed 27 stack frames]]>
    </failure>
  </testcase> <!-- @BeforeClass launchingBrowserAndNavagateToApp -->
  <testcase classname="genericUtilities.BaseClass" name="@BeforeClass launchingBrowserAndNavagateToApp" time="6.138">
    <failure type="java.lang.RuntimeException" message="java.lang.IllegalAccessException: Can not set static final org.openqa.selenium.WebElement field objectRepository.jewelleryPage.Jewelry to jdk.proxy2.$Proxy19">
      <![CDATA[java.lang.RuntimeException: java.lang.IllegalAccessException: Can not set static final org.openqa.selenium.WebElement field objectRepository.jewelleryPage.Jewelry to jdk.proxy2.$Proxy19
at org.openqa.selenium.support.PageFactory.proxyFields(PageFactory.java:117)
at org.openqa.selenium.support.PageFactory.initElements(PageFactory.java:103)
at org.openqa.selenium.support.PageFactory.initElements(PageFactory.java:90)
at org.openqa.selenium.support.PageFactory.initElements(PageFactory.java:78)
at objectRepository.jewelleryPage.<init>(jewelleryPage.java:14)
at genericUtilities.BaseClass.launchingBrowserAndNavagateToApp(BaseClass.java:64)
at java.base/java.util.ArrayList.forEach(ArrayList.java:1511)
Caused by: java.lang.IllegalAccessException: Can not set static final org.openqa.selenium.WebElement field objectRepository.jewelleryPage.Jewelry to jdk.proxy2.$Proxy19
at org.openqa.selenium.support.PageFactory.proxyFields(PageFactory.java:115)
... 29 more
... Removed 27 stack frames]]>
    </failure>
  </testcase> <!-- @BeforeClass launchingBrowserAndNavagateToApp -->
  <testcase classname="login.DWS_Booktocart_04_Test" name="add_Book_to_remove" time="0.043">
    <failure type="java.lang.NullPointerException" message="Cannot invoke &amp;quot;com.aventstack.extentreports.ExtentReports.createTest(String)&amp;quot; because &amp;quot;this.report&amp;quot; is null">
      <![CDATA[java.lang.NullPointerException: Cannot invoke "com.aventstack.extentreports.ExtentReports.createTest(String)" because "this.report" is null
at genericUtilities.ITestListenerUtility.onTestStart(ITestListenerUtility.java:19)
at java.base/java.util.ArrayList.forEach(ArrayList.java:1511)
... Removed 25 stack frames]]>
    </failure>
  </testcase> <!-- add_Book_to_remove -->
  <testcase classname="login.DWS_WishList_09_Test" name="addproductToWishList" time="0.018">
    <failure type="java.lang.NullPointerException" message="Cannot invoke &amp;quot;com.aventstack.extentreports.ExtentReports.createTest(String)&amp;quot; because &amp;quot;this.report&amp;quot; is null">
      <![CDATA[java.lang.NullPointerException: Cannot invoke "com.aventstack.extentreports.ExtentReports.createTest(String)" because "this.report" is null
at genericUtilities.ITestListenerUtility.onTestStart(ITestListenerUtility.java:19)
at java.base/java.util.ArrayList.forEach(ArrayList.java:1511)
... Removed 25 stack frames]]>
    </failure>
  </testcase> <!-- addproductToWishList -->
  <testcase classname="login.DWS_Cart_03_Test" name="addproductToCart" time="0.016">
    <failure type="java.lang.NullPointerException" message="Cannot invoke &amp;quot;com.aventstack.extentreports.ExtentReports.createTest(String)&amp;quot; because &amp;quot;this.report&amp;quot; is null">
      <![CDATA[java.lang.NullPointerException: Cannot invoke "com.aventstack.extentreports.ExtentReports.createTest(String)" because "this.report" is null
at genericUtilities.ITestListenerUtility.onTestStart(ITestListenerUtility.java:19)
at java.base/java.util.ArrayList.forEach(ArrayList.java:1511)
... Removed 25 stack frames]]>
    </failure>
  </testcase> <!-- addproductToCart -->
  <testcase classname="login.DWS_DeskTop_05_Test" name="addDeskTopCart" time="0.013">
    <failure type="java.lang.NullPointerException" message="Cannot invoke &amp;quot;com.aventstack.extentreports.ExtentReports.createTest(String)&amp;quot; because &amp;quot;this.report&amp;quot; is null">
      <![CDATA[java.lang.NullPointerException: Cannot invoke "com.aventstack.extentreports.ExtentReports.createTest(String)" because "this.report" is null
at genericUtilities.ITestListenerUtility.onTestStart(ITestListenerUtility.java:19)
at java.base/java.util.ArrayList.forEach(ArrayList.java:1511)
... Removed 25 stack frames]]>
    </failure>
  </testcase> <!-- addDeskTopCart -->
</testsuite> <!-- Test -->
